◇ injected env (3) from .env // tip: ⌘ custom filepath { path: '/custom/path/.env' }
node:internal/modules/cjs/loader:1404
  throw err;
  ^

Error: Cannot find module '../controller/healthController'
Require stack:
- /mnt/c/Data/personal/wadv2/wadv2/src/routes/index.js
- /mnt/c/Data/personal/wadv2/wadv2/src/index.js
    at Module._resolveFilename (node:internal/modules/cjs/loader:1401:15)
    at defaultResolveImpl (node:internal/modules/cjs/loader:1057:19)
    at resolveForCJSWithHooks (node:internal/modules/cjs/loader:1062:22)
    at Module._load (node:internal/modules/cjs/loader:1211:37)
    at TracingChannel.traceSync (node:diagnostics_channel:322:14)
    at wrapModuleLoad (node:internal/modules/cjs/loader:235:24)
    at Module.require (node:internal/modules/cjs/loader:1487:12)
    at require (node:internal/modules/helpers:135:16)
    at Object.<anonymous> (/mnt/c/Data/personal/wadv2/wadv2/src/routes/index.js:3:23)
    at Module._compile (node:internal/modules/cjs/loader:1730:14) {
  code: 'MODULE_NOT_FOUND',
  requireStack: [
    '/mnt/c/Data/personal/wadv2/wadv2/src/routes/index.js',
    '/mnt/c/Data/personal/wadv2/wadv2/src/index.js'
  ]
}

Node.js v22.16.0
